<?xml version="1.0" encoding="UTF-8"?>
<!-- Generated by org.testng.reporters.JUnitReportReporter -->
<testsuite hostname="Natalias-MacBook-Air.local" failures="0" tests="7" name="TestNG.TestNG_Intro" time="0.001" errors="0" timestamp="2023-03-07T18:03:09 CST" skipped="0">
  <testcase classname="TestNG.TestNG_Intro" name="test2" time="0.000"/>
  <system-out/>
  <testcase classname="TestNG.TestNG_Intro" name="test2" time="0.000"/>
  <system-out/>
  <testcase classname="TestNG.TestNG_Intro" name="test2" time="0.000"/>
  <system-out/>
  <testcase classname="TestNG.TestNG_Intro" name="test2" time="0.000"/>
  <system-out/>
  <testcase classname="TestNG.TestNG_Intro" name="test2" time="0.001"/>
  <system-out/>
  <testcase classname="TestNG.TestNG_Intro" name="test1" time="0.000"/>
  <system-out/>
  <testcase classname="TestNG.TestNG_Intro" name="test3" time="0.000"/>
  <system-out/>
</testsuite> <!-- TestNG.TestNG_Intro -->
